[debug] [2023-01-03T22:31:02.604Z] ----------------------------------------------------------------------
[debug] [2023-01-03T22:31:02.606Z] Command:       C:\Program Files\nodejs\node.exe C:\Users\HP\Desktop\Evangadi\Amazon\amazon-clone3\node_modules\firebase-tools\lib\bin\firebase.js emulators:start --only functions
[debug] [2023-01-03T22:31:02.606Z] CLI Version:   11.19.0
[debug] [2023-01-03T22:31:02.606Z] Platform:      win32
[debug] [2023-01-03T22:31:02.606Z] Node Version:  v18.12.0
[debug] [2023-01-03T22:31:02.607Z] Time:          Tue Jan 03 2023 14:31:02 GMT-0800 (Pacific Standard Time)
[debug] [2023-01-03T22:31:02.607Z] ----------------------------------------------------------------------
[debug] 
[debug] [2023-01-03T22:31:02.707Z] > command requires scopes: ["email","openid","https://www.googleapis.com/auth/cloudplatformprojects.readonly","https://www.googleapis.com/auth/firebase","https://www.googleapis.com/auth/cloud-platform"]
[debug] [2023-01-03T22:31:02.707Z] > authorizing via signed-in user (akalkassaw@gmail.com)
[info] i  emulators: Starting emulators: functions {"metadata":{"emulator":{"name":"hub"},"message":"Starting emulators: functions"}}
[debug] [2023-01-03T22:31:02.715Z] [logging] Logging Emulator only supports listening on one address (127.0.0.1). Not listening on ::1
[warn] !  ui: Emulator UI unable to start on port 4000, starting on 4001 instead. {"metadata":{"emulator":{"name":"ui"},"message":"Emulator UI unable to start on port 4000, starting on 4001 instead."}}
[debug] [2023-01-03T22:31:02.717Z] assigned listening specs for emulators {"user":{"hub":[{"address":"127.0.0.1","family":"IPv4","port":4400},{"address":"::1","family":"IPv6","port":4400}],"logging":[{"address":"127.0.0.1","family":"IPv4","port":4500}],"ui":[{"address":"127.0.0.1","family":"IPv4","port":4001},{"address":"::1","family":"IPv6","port":4001}]},"metadata":{"message":"assigned listening specs for emulators"}}
[debug] [2023-01-03T22:31:02.730Z] [hub] writing locator at C:\Users\HP\AppData\Local\Temp\hub-clone3-a8371.json
[debug] [2023-01-03T22:31:02.747Z] [functions] Functions Emulator only supports listening on one address (127.0.0.1). Not listening on ::1
[debug] [2023-01-03T22:31:02.747Z] [eventarc] Eventarc Emulator only supports listening on one address (127.0.0.1). Not listening on ::1
[debug] [2023-01-03T22:31:02.747Z] late-assigned ports for functions and eventarc emulators {"user":{"hub":[{"address":"127.0.0.1","family":"IPv4","port":4400},{"address":"::1","family":"IPv6","port":4400}],"logging":[{"address":"127.0.0.1","family":"IPv4","port":4500}],"ui":[{"address":"127.0.0.1","family":"IPv4","port":4001},{"address":"::1","family":"IPv6","port":4001}],"functions":[{"address":"127.0.0.1","family":"IPv4","port":5001}],"eventarc":[{"address":"127.0.0.1","family":"IPv4","port":9299}]},"metadata":{"message":"late-assigned ports for functions and eventarc emulators"}}
[warn] !  functions: The following emulators are not running, calls to these services from the Functions emulator will affect production: auth, firestore, database, hosting, pubsub, storage {"metadata":{"emulator":{"name":"functions"},"message":"The following emulators are not running, calls to these services from the Functions emulator will affect production: \u001b[1mauth, firestore, database, hosting, pubsub, storage\u001b[22m"}}
[warn] !  Your requested "node" version "16" doesn't match your global version "18". Using node@18 from host. {"metadata":{"emulator":{"name":"functions"},"message":"Your requested \"node\" version \"16\" doesn't match your global version \"18\". Using node@18 from host."}}
[debug] [2023-01-03T22:31:02.777Z] defaultcredentials: writing to file C:\Users\HP\AppData\Roaming\firebase\akalkassaw_gmail_com_application_default_credentials.json
[debug] [2023-01-03T22:31:02.780Z] Setting GAC to C:\Users\HP\AppData\Roaming\firebase\akalkassaw_gmail_com_application_default_credentials.json {"metadata":{"emulator":{"name":"functions"},"message":"Setting GAC to C:\\Users\\HP\\AppData\\Roaming\\firebase\\akalkassaw_gmail_com_application_default_credentials.json"}}
[debug] [2023-01-03T22:31:02.781Z] > refreshing access token with scopes: []
[debug] [2023-01-03T22:31:02.782Z] >>> [apiv2][query] POST https://www.googleapis.com/oauth2/v3/token [none]
[debug] [2023-01-03T22:31:02.782Z] >>> [apiv2][body] POST https://www.googleapis.com/oauth2/v3/token [omitted]
[debug] [2023-01-03T22:31:04.066Z] <<< [apiv2][status] POST https://www.googleapis.com/oauth2/v3/token 200
[debug] [2023-01-03T22:31:04.066Z] <<< [apiv2][body] POST https://www.googleapis.com/oauth2/v3/token [omitted]
[debug] [2023-01-03T22:31:04.159Z] >>> [apiv2][query] GET https://firebase.googleapis.com/v1beta1/projects/clone3-a8371/adminSdkConfig [none]
[debug] [2023-01-03T22:31:05.900Z] <<< [apiv2][status] GET https://firebase.googleapis.com/v1beta1/projects/clone3-a8371/adminSdkConfig 200
[debug] [2023-01-03T22:31:05.900Z] <<< [apiv2][body] GET https://firebase.googleapis.com/v1beta1/projects/clone3-a8371/adminSdkConfig {"projectId":"clone3-a8371","storageBucket":"clone3-a8371.appspot.com"}
[debug] [2023-01-03T22:31:05.981Z] Ignoring unsupported arg: auto_download {"metadata":{"emulator":{"name":"ui"},"message":"Ignoring unsupported arg: auto_download"}}
[debug] [2023-01-03T22:31:05.981Z] Ignoring unsupported arg: port {"metadata":{"emulator":{"name":"ui"},"message":"Ignoring unsupported arg: port"}}
[debug] [2023-01-03T22:31:05.981Z] Starting Emulator UI with command {"binary":"node","args":["C:\\Users\\HP\\.cache\\firebase\\emulators\\ui-v1.11.1\\server\\server.js"],"optionalArgs":[],"joinArgs":false} {"metadata":{"emulator":{"name":"ui"},"message":"Starting Emulator UI with command {\"binary\":\"node\",\"args\":[\"C:\\\\Users\\\\HP\\\\.cache\\\\firebase\\\\emulators\\\\ui-v1.11.1\\\\server\\\\server.js\"],\"optionalArgs\":[],\"joinArgs\":false}"}}
[info] i  ui: Emulator UI logging to ui-debug.log {"metadata":{"emulator":{"name":"ui"},"message":"Emulator UI logging to \u001b[1mui-debug.log\u001b[22m"}}
[debug] [2023-01-03T22:31:06.118Z] Web / API server started at 127.0.0.1:4001
 {"metadata":{"emulator":{"name":"ui"},"message":"Web / API server started at 127.0.0.1:4001\n"}}
[debug] [2023-01-03T22:31:06.118Z] Web / API server started at ::1:4001
 {"metadata":{"emulator":{"name":"ui"},"message":"Web / API server started at ::1:4001\n"}}
[info] i  functions: Watching "C:\Users\HP\Desktop\Evangadi\Amazon\amazon-clone3\functions" for Cloud Functions... {"metadata":{"emulator":{"name":"functions"},"message":"Watching \"C:\\Users\\HP\\Desktop\\Evangadi\\Amazon\\amazon-clone3\\functions\" for Cloud Functions..."}}
[debug] [2023-01-03T22:31:06.260Z] Validating nodejs source
[warn] !  functions: package.json indicates an outdated version of firebase-functions. Please upgrade using npm install --save firebase-functions@latest in your functions directory. 
[warn] !  functions: Please note that there will be breaking changes when you upgrade. 
[debug] [2023-01-03T22:31:08.679Z] > [functions] package.json contents: {
  "name": "functions",
  "description": "Cloud Functions for Firebase",
  "scripts": {
    "lint": "eslint .",
    "serve": "firebase emulators:start --only functions",
    "shell": "firebase functions:shell",
    "start": "npm run shell",
    "deploy": "firebase deploy --only functions",
    "logs": "firebase functions:log"
  },
  "engines": {
    "node": "16"
  },
  "main": "index.js",
  "dependencies": {
    "cores": "^0.8.5",
    "express": "^4.18.2",
    "firebase-admin": "^10.0.2",
    "firebase-functions": "^3.18.0",
    "stripe": "^11.5.0"
  },
  "devDependencies": {
    "eslint": "^8.9.0",
    "eslint-config-google": "^0.14.0",
    "firebase-functions-test": "^0.2.0"
  },
  "private": true
}
[debug] [2023-01-03T22:31:08.679Z] Building nodejs source
[debug] [2023-01-03T22:31:08.680Z] Could not find functions.yaml. Must use http discovery
[debug] [2023-01-03T22:31:08.897Z] Serving at port 9005

[debug] [2023-01-03T22:31:08.990Z] Got response from /__/functions.yaml {"endpoints":{"api":{"platform":"gcfv1","httpsTrigger":{},"entryPoint":"api"}},"specVersion":"v1alpha1","requiredAPIs":[]}
[debug] [2023-01-03T22:31:08.997Z] shutdown requested via /__/quitquitquit

[info] +  functions: Loaded functions definitions from source: api. {"metadata":{"emulator":{"name":"functions"},"message":"Loaded functions definitions from source: api."}}
[info] +  functions[us-central1-api]: http function initialized (http://127.0.0.1:5001/clone3-a8371/us-central1/api). {"metadata":{"emulator":{"name":"functions"},"message":"\u001b[1mhttp\u001b[22m function initialized (http://127.0.0.1:5001/clone3-a8371/us-central1/api)."}}
[info] 
┌─────────────────────────────────────────────────────────────┐
│ ✔  All emulators ready! It is now safe to connect your app. │
│ i  View Emulator UI at http://127.0.0.1:4001/               │
└─────────────────────────────────────────────────────────────┘

┌───────────┬────────────────┬─────────────────────────────────┐
│ Emulator  │ Host:Port      │ View in Emulator UI             │
├───────────┼────────────────┼─────────────────────────────────┤
│ Functions │ 127.0.0.1:5001 │ http://127.0.0.1:4001/functions │
└───────────┴────────────────┴─────────────────────────────────┘
  Emulator Hub running at 127.0.0.1:4400
  Other reserved ports: 4500

Issues? Report them at https://github.com/firebase/firebase-tools/issues and attach the *-debug.log files.
 
[debug] [2023-01-03T22:31:16.205Z] [work-queue] {"queuedWork":["/clone3-a8371/us-central1/api-2023-01-03T22:31:16.205Z"],"queueLength":1,"runningWork":[],"workRunningCount":0}
[debug] [2023-01-03T22:31:16.205Z] [work-queue] {"queuedWork":[],"queueLength":0,"runningWork":["/clone3-a8371/us-central1/api-2023-01-03T22:31:16.205Z"],"workRunningCount":1}
[debug] [2023-01-03T22:31:16.206Z] Accepted request GET /clone3-a8371/us-central1/api --> us-central1-api
[debug] [2023-01-03T22:31:16.210Z] [functions] Runtime ready! Sending request! {"metadata":{"emulator":{"name":"functions"},"message":"[functions] Runtime ready! Sending request!"}}
[debug] [2023-01-03T22:31:16.211Z] [functions] Got req.url=/clone3-a8371/us-central1/api, mapping to path=/ {"metadata":{"emulator":{"name":"functions"},"message":"[functions] Got req.url=/clone3-a8371/us-central1/api, mapping to path=/"}}
[debug] [2023-01-03T22:31:16.220Z] [worker-pool] addWorker(us-central1-api) {"metadata":{"emulator":{"name":"functions"},"message":"[worker-pool] addWorker(us-central1-api)"}}
[debug] [2023-01-03T22:31:16.221Z] [worker-pool] Adding worker with key us-central1-api, total=1 {"metadata":{"emulator":{"name":"functions"},"message":"[worker-pool] Adding worker with key us-central1-api, total=1"}}
[debug] [2023-01-03T22:31:17.150Z] [runtime-status] [16944] Resolved module firebase-admin {"declared":true,"installed":true,"version":"10.3.0","resolution":"C:\\Users\\HP\\Desktop\\Evangadi\\Amazon\\amazon-clone3\\functions\\node_modules\\firebase-admin\\lib\\index.js"} {"metadata":{"emulator":{"name":"functions"},"function":{"name":"us-central1-api"},"extension":{},"message":"[runtime-status] [16944] Resolved module firebase-admin {\"declared\":true,\"installed\":true,\"version\":\"10.3.0\",\"resolution\":\"C:\\\\Users\\\\HP\\\\Desktop\\\\Evangadi\\\\Amazon\\\\amazon-clone3\\\\functions\\\\node_modules\\\\firebase-admin\\\\lib\\\\index.js\"}"}}
[debug] [2023-01-03T22:31:17.151Z] [runtime-status] [16944] Resolved module firebase-functions {"declared":true,"installed":true,"version":"3.24.1","resolution":"C:\\Users\\HP\\Desktop\\Evangadi\\Amazon\\amazon-clone3\\functions\\node_modules\\firebase-functions\\lib\\index.js"} {"metadata":{"emulator":{"name":"functions"},"function":{"name":"us-central1-api"},"extension":{},"message":"[runtime-status] [16944] Resolved module firebase-functions {\"declared\":true,\"installed\":true,\"version\":\"3.24.1\",\"resolution\":\"C:\\\\Users\\\\HP\\\\Desktop\\\\Evangadi\\\\Amazon\\\\amazon-clone3\\\\functions\\\\node_modules\\\\firebase-functions\\\\lib\\\\index.js\"}"}}
[debug] [2023-01-03T22:31:17.152Z] [runtime-status] [16944] Outgoing network have been stubbed. [{"name":"http","status":"mocked"},{"name":"http","status":"mocked"},{"name":"https","status":"mocked"},{"name":"https","status":"mocked"},{"name":"net","status":"mocked"}] {"metadata":{"emulator":{"name":"functions"},"function":{"name":"us-central1-api"},"extension":{},"message":"[runtime-status] [16944] Outgoing network have been stubbed. [{\"name\":\"http\",\"status\":\"mocked\"},{\"name\":\"http\",\"status\":\"mocked\"},{\"name\":\"https\",\"status\":\"mocked\"},{\"name\":\"https\",\"status\":\"mocked\"},{\"name\":\"net\",\"status\":\"mocked\"}]"}}
[debug] [2023-01-03T22:31:17.152Z] [runtime-status] [16944] Resolved module firebase-functions {"declared":true,"installed":true,"version":"3.24.1","resolution":"C:\\Users\\HP\\Desktop\\Evangadi\\Amazon\\amazon-clone3\\functions\\node_modules\\firebase-functions\\lib\\index.js"} {"metadata":{"emulator":{"name":"functions"},"function":{"name":"us-central1-api"},"extension":{},"message":"[runtime-status] [16944] Resolved module firebase-functions {\"declared\":true,\"installed\":true,\"version\":\"3.24.1\",\"resolution\":\"C:\\\\Users\\\\HP\\\\Desktop\\\\Evangadi\\\\Amazon\\\\amazon-clone3\\\\functions\\\\node_modules\\\\firebase-functions\\\\lib\\\\index.js\"}"}}
[debug] [2023-01-03T22:31:17.193Z] [runtime-status] [16944] Checked functions.config() {"config":{}} {"metadata":{"emulator":{"name":"functions"},"function":{"name":"us-central1-api"},"extension":{},"message":"[runtime-status] [16944] Checked functions.config() {\"config\":{}}"}}
[debug] [2023-01-03T22:31:17.194Z] [runtime-status] [16944] firebase-functions has been stubbed. {"functionsResolution":{"declared":true,"installed":true,"version":"3.24.1","resolution":"C:\\Users\\HP\\Desktop\\Evangadi\\Amazon\\amazon-clone3\\functions\\node_modules\\firebase-functions\\lib\\index.js"}} {"metadata":{"emulator":{"name":"functions"},"function":{"name":"us-central1-api"},"extension":{},"message":"[runtime-status] [16944] firebase-functions has been stubbed. {\"functionsResolution\":{\"declared\":true,\"installed\":true,\"version\":\"3.24.1\",\"resolution\":\"C:\\\\Users\\\\HP\\\\Desktop\\\\Evangadi\\\\Amazon\\\\amazon-clone3\\\\functions\\\\node_modules\\\\firebase-functions\\\\lib\\\\index.js\"}}"}}
[debug] [2023-01-03T22:31:17.194Z] [runtime-status] [16944] Resolved module firebase-functions {"declared":true,"installed":true,"version":"3.24.1","resolution":"C:\\Users\\HP\\Desktop\\Evangadi\\Amazon\\amazon-clone3\\functions\\node_modules\\firebase-functions\\lib\\index.js"} {"metadata":{"emulator":{"name":"functions"},"function":{"name":"us-central1-api"},"extension":{},"message":"[runtime-status] [16944] Resolved module firebase-functions {\"declared\":true,\"installed\":true,\"version\":\"3.24.1\",\"resolution\":\"C:\\\\Users\\\\HP\\\\Desktop\\\\Evangadi\\\\Amazon\\\\amazon-clone3\\\\functions\\\\node_modules\\\\firebase-functions\\\\lib\\\\index.js\"}"}}
[debug] [2023-01-03T22:31:17.195Z] [runtime-status] [16944] Resolved module firebase-admin {"declared":true,"installed":true,"version":"10.3.0","resolution":"C:\\Users\\HP\\Desktop\\Evangadi\\Amazon\\amazon-clone3\\functions\\node_modules\\firebase-admin\\lib\\index.js"} {"metadata":{"emulator":{"name":"functions"},"function":{"name":"us-central1-api"},"extension":{},"message":"[runtime-status] [16944] Resolved module firebase-admin {\"declared\":true,\"installed\":true,\"version\":\"10.3.0\",\"resolution\":\"C:\\\\Users\\\\HP\\\\Desktop\\\\Evangadi\\\\Amazon\\\\amazon-clone3\\\\functions\\\\node_modules\\\\firebase-admin\\\\lib\\\\index.js\"}"}}
[debug] [2023-01-03T22:31:17.195Z] [runtime-status] [16944] Resolved module firebase-functions {"declared":true,"installed":true,"version":"3.24.1","resolution":"C:\\Users\\HP\\Desktop\\Evangadi\\Amazon\\amazon-clone3\\functions\\node_modules\\firebase-functions\\lib\\index.js"} {"metadata":{"emulator":{"name":"functions"},"function":{"name":"us-central1-api"},"extension":{},"message":"[runtime-status] [16944] Resolved module firebase-functions {\"declared\":true,\"installed\":true,\"version\":\"3.24.1\",\"resolution\":\"C:\\\\Users\\\\HP\\\\Desktop\\\\Evangadi\\\\Amazon\\\\amazon-clone3\\\\functions\\\\node_modules\\\\firebase-functions\\\\lib\\\\index.js\"}"}}
[debug] [2023-01-03T22:31:17.196Z] [runtime-status] [16944] firebase-admin has been stubbed. {"adminResolution":{"declared":true,"installed":true,"version":"10.3.0","resolution":"C:\\Users\\HP\\Desktop\\Evangadi\\Amazon\\amazon-clone3\\functions\\node_modules\\firebase-admin\\lib\\index.js"}} {"metadata":{"emulator":{"name":"functions"},"function":{"name":"us-central1-api"},"extension":{},"message":"[runtime-status] [16944] firebase-admin has been stubbed. {\"adminResolution\":{\"declared\":true,\"installed\":true,\"version\":\"10.3.0\",\"resolution\":\"C:\\\\Users\\\\HP\\\\Desktop\\\\Evangadi\\\\Amazon\\\\amazon-clone3\\\\functions\\\\node_modules\\\\firebase-admin\\\\lib\\\\index.js\"}}"}}
[debug] [2023-01-03T22:31:17.316Z] [runtime-status] [16944] Functions runtime initialized. {"cwd":"C:\\Users\\HP\\Desktop\\Evangadi\\Amazon\\amazon-clone3\\functions","node_version":"18.12.0"} {"metadata":{"emulator":{"name":"functions"},"function":{"name":"us-central1-api"},"extension":{},"message":"[runtime-status] [16944] Functions runtime initialized. {\"cwd\":\"C:\\\\Users\\\\HP\\\\Desktop\\\\Evangadi\\\\Amazon\\\\amazon-clone3\\\\functions\",\"node_version\":\"18.12.0\"}"}}
[debug] [2023-01-03T22:31:17.316Z] [runtime-status] [16944] Listening to port: \\?\pipe\fire_emu_3a6dd7534d4c9540 {"metadata":{"emulator":{"name":"functions"},"function":{"name":"us-central1-api"},"extension":{},"message":"[runtime-status] [16944] Listening to port: \\\\?\\pipe\\fire_emu_3a6dd7534d4c9540"}}
[debug] [2023-01-03T22:31:17.415Z] [worker-us-central1-api-d03d7583-54b8-4c29-a035-42d940113a9e]: IDLE {"metadata":{"emulator":{"name":"functions"},"message":"[worker-us-central1-api-d03d7583-54b8-4c29-a035-42d940113a9e]: IDLE"}}
[debug] [2023-01-03T22:31:17.416Z] [worker-pool] submitRequest(triggerId=us-central1-api) {"metadata":{"emulator":{"name":"functions"},"message":"[worker-pool] submitRequest(triggerId=us-central1-api)"}}
[debug] [2023-01-03T22:31:17.416Z] [worker-us-central1-api-d03d7583-54b8-4c29-a035-42d940113a9e]: BUSY {"metadata":{"emulator":{"name":"functions"},"message":"[worker-us-central1-api-d03d7583-54b8-4c29-a035-42d940113a9e]: BUSY"}}
[info] i  functions: Beginning execution of "api" {"metadata":{"emulator":{"name":"functions"},"function":{"name":"us-central1-api"},"extension":{},"message":"Beginning execution of \"api\""}}
[debug] [2023-01-03T22:31:17.422Z] [worker-us-central1-api-d03d7583-54b8-4c29-a035-42d940113a9e]: IDLE {"metadata":{"emulator":{"name":"functions"},"message":"[worker-us-central1-api-d03d7583-54b8-4c29-a035-42d940113a9e]: IDLE"}}
[debug] [2023-01-03T22:31:17.423Z] [work-queue] {"queuedWork":[],"queueLength":0,"runningWork":[],"workRunningCount":0}
[info] i  functions: Finished "api" in 3.481ms {"metadata":{"emulator":{"name":"functions"},"function":{"name":"us-central1-api"},"extension":{},"message":"Finished \"api\" in 3.481ms"}}
[debug] [2023-01-03T22:31:21.426Z] [work-queue] {"queuedWork":["/clone3-a8371/us-central1/api-2023-01-03T22:31:21.426Z"],"queueLength":1,"runningWork":[],"workRunningCount":0}
[debug] [2023-01-03T22:31:21.427Z] [work-queue] {"queuedWork":[],"queueLength":0,"runningWork":["/clone3-a8371/us-central1/api-2023-01-03T22:31:21.426Z"],"workRunningCount":1}
[debug] [2023-01-03T22:31:21.428Z] Accepted request GET /clone3-a8371/us-central1/api --> us-central1-api
[debug] [2023-01-03T22:31:21.434Z] [functions] Runtime ready! Sending request! {"metadata":{"emulator":{"name":"functions"},"message":"[functions] Runtime ready! Sending request!"}}
[debug] [2023-01-03T22:31:21.435Z] [functions] Got req.url=/clone3-a8371/us-central1/api, mapping to path=/ {"metadata":{"emulator":{"name":"functions"},"message":"[functions] Got req.url=/clone3-a8371/us-central1/api, mapping to path=/"}}
[debug] [2023-01-03T22:31:21.435Z] [worker-pool] submitRequest(triggerId=us-central1-api) {"metadata":{"emulator":{"name":"functions"},"message":"[worker-pool] submitRequest(triggerId=us-central1-api)"}}
[debug] [2023-01-03T22:31:21.435Z] [worker-us-central1-api-d03d7583-54b8-4c29-a035-42d940113a9e]: BUSY {"metadata":{"emulator":{"name":"functions"},"message":"[worker-us-central1-api-d03d7583-54b8-4c29-a035-42d940113a9e]: BUSY"}}
[info] i  functions: Beginning execution of "api" {"metadata":{"emulator":{"name":"functions"},"function":{"name":"us-central1-api"},"extension":{},"message":"Beginning execution of \"api\""}}
[debug] [2023-01-03T22:31:21.440Z] [worker-us-central1-api-d03d7583-54b8-4c29-a035-42d940113a9e]: IDLE {"metadata":{"emulator":{"name":"functions"},"message":"[worker-us-central1-api-d03d7583-54b8-4c29-a035-42d940113a9e]: IDLE"}}
[debug] [2023-01-03T22:31:21.440Z] [work-queue] {"queuedWork":[],"queueLength":0,"runningWork":[],"workRunningCount":0}
[info] i  functions: Finished "api" in 1.8622ms {"metadata":{"emulator":{"name":"functions"},"function":{"name":"us-central1-api"},"extension":{},"message":"Finished \"api\" in 1.8622ms"}}
[debug] [2023-01-03T22:32:28.354Z] [work-queue] {"queuedWork":["/clone3-a8371/us-central1/api/payments/create-2023-01-03T22:32:28.353Z"],"queueLength":1,"runningWork":[],"workRunningCount":0}
[debug] [2023-01-03T22:32:28.354Z] [work-queue] {"queuedWork":[],"queueLength":0,"runningWork":["/clone3-a8371/us-central1/api/payments/create-2023-01-03T22:32:28.353Z"],"workRunningCount":1}
[debug] [2023-01-03T22:32:28.354Z] Accepted request POST /clone3-a8371/us-central1/api/payments/create?total=10900 --> us-central1-api
[debug] [2023-01-03T22:32:28.360Z] [functions] Runtime ready! Sending request! {"metadata":{"emulator":{"name":"functions"},"message":"[functions] Runtime ready! Sending request!"}}
[debug] [2023-01-03T22:32:28.360Z] [functions] Got req.url=/clone3-a8371/us-central1/api/payments/create?total=10900, mapping to path=/payments/create?total=10900 {"metadata":{"emulator":{"name":"functions"},"message":"[functions] Got req.url=/clone3-a8371/us-central1/api/payments/create?total=10900, mapping to path=/payments/create?total=10900"}}
[debug] [2023-01-03T22:32:28.360Z] [worker-pool] submitRequest(triggerId=us-central1-api) {"metadata":{"emulator":{"name":"functions"},"message":"[worker-pool] submitRequest(triggerId=us-central1-api)"}}
[debug] [2023-01-03T22:32:28.360Z] [worker-us-central1-api-d03d7583-54b8-4c29-a035-42d940113a9e]: BUSY {"metadata":{"emulator":{"name":"functions"},"message":"[worker-us-central1-api-d03d7583-54b8-4c29-a035-42d940113a9e]: BUSY"}}
[debug] [2023-01-03T22:32:28.362Z] [work-queue] {"queuedWork":["/clone3-a8371/us-central1/api/payments/create-2023-01-03T22:32:28.361Z"],"queueLength":1,"runningWork":["/clone3-a8371/us-central1/api/payments/create-2023-01-03T22:32:28.353Z"],"workRunningCount":1}
[debug] [2023-01-03T22:32:28.362Z] [work-queue] {"queuedWork":[],"queueLength":0,"runningWork":["/clone3-a8371/us-central1/api/payments/create-2023-01-03T22:32:28.353Z","/clone3-a8371/us-central1/api/payments/create-2023-01-03T22:32:28.361Z"],"workRunningCount":2}
[debug] [2023-01-03T22:32:28.362Z] Accepted request POST /clone3-a8371/us-central1/api/payments/create?total=10900 --> us-central1-api
[debug] [2023-01-03T22:32:28.368Z] [functions] Runtime ready! Sending request! {"metadata":{"emulator":{"name":"functions"},"message":"[functions] Runtime ready! Sending request!"}}
[debug] [2023-01-03T22:32:28.369Z] [functions] Got req.url=/clone3-a8371/us-central1/api/payments/create?total=10900, mapping to path=/payments/create?total=10900 {"metadata":{"emulator":{"name":"functions"},"message":"[functions] Got req.url=/clone3-a8371/us-central1/api/payments/create?total=10900, mapping to path=/payments/create?total=10900"}}
[debug] [2023-01-03T22:32:28.379Z] [worker-pool] addWorker(us-central1-api) {"metadata":{"emulator":{"name":"functions"},"message":"[worker-pool] addWorker(us-central1-api)"}}
[debug] [2023-01-03T22:32:28.379Z] [worker-pool] Adding worker with key us-central1-api, total=2 {"metadata":{"emulator":{"name":"functions"},"message":"[worker-pool] Adding worker with key us-central1-api, total=2"}}
[info] i  functions: Beginning execution of "api" {"metadata":{"emulator":{"name":"functions"},"function":{"name":"us-central1-api"},"extension":{},"message":"Beginning execution of \"api\""}}
[info] >  Payment Request Recieved for this amount >>>  10900 {"user":"Payment Request Recieved for this amount >>>  10900","metadata":{"emulator":{"name":"functions"},"function":{"name":"us-central1-api"},"extension":{},"message":"\u001b[90m> \u001b[39m Payment Request Recieved for this amount >>>  10900"}}
[debug] [2023-01-03T22:32:29.591Z] [runtime-status] [5060] Resolved module firebase-admin {"declared":true,"installed":true,"version":"10.3.0","resolution":"C:\\Users\\HP\\Desktop\\Evangadi\\Amazon\\amazon-clone3\\functions\\node_modules\\firebase-admin\\lib\\index.js"} {"metadata":{"emulator":{"name":"functions"},"function":{"name":"us-central1-api"},"extension":{},"message":"[runtime-status] [5060] Resolved module firebase-admin {\"declared\":true,\"installed\":true,\"version\":\"10.3.0\",\"resolution\":\"C:\\\\Users\\\\HP\\\\Desktop\\\\Evangadi\\\\Amazon\\\\amazon-clone3\\\\functions\\\\node_modules\\\\firebase-admin\\\\lib\\\\index.js\"}"}}
[debug] [2023-01-03T22:32:29.593Z] [runtime-status] [5060] Resolved module firebase-functions {"declared":true,"installed":true,"version":"3.24.1","resolution":"C:\\Users\\HP\\Desktop\\Evangadi\\Amazon\\amazon-clone3\\functions\\node_modules\\firebase-functions\\lib\\index.js"} {"metadata":{"emulator":{"name":"functions"},"function":{"name":"us-central1-api"},"extension":{},"message":"[runtime-status] [5060] Resolved module firebase-functions {\"declared\":true,\"installed\":true,\"version\":\"3.24.1\",\"resolution\":\"C:\\\\Users\\\\HP\\\\Desktop\\\\Evangadi\\\\Amazon\\\\amazon-clone3\\\\functions\\\\node_modules\\\\firebase-functions\\\\lib\\\\index.js\"}"}}
[debug] [2023-01-03T22:32:29.593Z] [runtime-status] [5060] Outgoing network have been stubbed. [{"name":"http","status":"mocked"},{"name":"http","status":"mocked"},{"name":"https","status":"mocked"},{"name":"https","status":"mocked"},{"name":"net","status":"mocked"}] {"metadata":{"emulator":{"name":"functions"},"function":{"name":"us-central1-api"},"extension":{},"message":"[runtime-status] [5060] Outgoing network have been stubbed. [{\"name\":\"http\",\"status\":\"mocked\"},{\"name\":\"http\",\"status\":\"mocked\"},{\"name\":\"https\",\"status\":\"mocked\"},{\"name\":\"https\",\"status\":\"mocked\"},{\"name\":\"net\",\"status\":\"mocked\"}]"}}
[debug] [2023-01-03T22:32:29.594Z] [runtime-status] [5060] Resolved module firebase-functions {"declared":true,"installed":true,"version":"3.24.1","resolution":"C:\\Users\\HP\\Desktop\\Evangadi\\Amazon\\amazon-clone3\\functions\\node_modules\\firebase-functions\\lib\\index.js"} {"metadata":{"emulator":{"name":"functions"},"function":{"name":"us-central1-api"},"extension":{},"message":"[runtime-status] [5060] Resolved module firebase-functions {\"declared\":true,\"installed\":true,\"version\":\"3.24.1\",\"resolution\":\"C:\\\\Users\\\\HP\\\\Desktop\\\\Evangadi\\\\Amazon\\\\amazon-clone3\\\\functions\\\\node_modules\\\\firebase-functions\\\\lib\\\\index.js\"}"}}
[debug] [2023-01-03T22:32:29.630Z] [runtime-status] [5060] Checked functions.config() {"config":{}} {"metadata":{"emulator":{"name":"functions"},"function":{"name":"us-central1-api"},"extension":{},"message":"[runtime-status] [5060] Checked functions.config() {\"config\":{}}"}}
[debug] [2023-01-03T22:32:29.631Z] [runtime-status] [5060] firebase-functions has been stubbed. {"functionsResolution":{"declared":true,"installed":true,"version":"3.24.1","resolution":"C:\\Users\\HP\\Desktop\\Evangadi\\Amazon\\amazon-clone3\\functions\\node_modules\\firebase-functions\\lib\\index.js"}} {"metadata":{"emulator":{"name":"functions"},"function":{"name":"us-central1-api"},"extension":{},"message":"[runtime-status] [5060] firebase-functions has been stubbed. {\"functionsResolution\":{\"declared\":true,\"installed\":true,\"version\":\"3.24.1\",\"resolution\":\"C:\\\\Users\\\\HP\\\\Desktop\\\\Evangadi\\\\Amazon\\\\amazon-clone3\\\\functions\\\\node_modules\\\\firebase-functions\\\\lib\\\\index.js\"}}"}}
[debug] [2023-01-03T22:32:29.632Z] [runtime-status] [5060] Resolved module firebase-functions {"declared":true,"installed":true,"version":"3.24.1","resolution":"C:\\Users\\HP\\Desktop\\Evangadi\\Amazon\\amazon-clone3\\functions\\node_modules\\firebase-functions\\lib\\index.js"} {"metadata":{"emulator":{"name":"functions"},"function":{"name":"us-central1-api"},"extension":{},"message":"[runtime-status] [5060] Resolved module firebase-functions {\"declared\":true,\"installed\":true,\"version\":\"3.24.1\",\"resolution\":\"C:\\\\Users\\\\HP\\\\Desktop\\\\Evangadi\\\\Amazon\\\\amazon-clone3\\\\functions\\\\node_modules\\\\firebase-functions\\\\lib\\\\index.js\"}"}}
[debug] [2023-01-03T22:32:29.632Z] [runtime-status] [5060] Resolved module firebase-admin {"declared":true,"installed":true,"version":"10.3.0","resolution":"C:\\Users\\HP\\Desktop\\Evangadi\\Amazon\\amazon-clone3\\functions\\node_modules\\firebase-admin\\lib\\index.js"} {"metadata":{"emulator":{"name":"functions"},"function":{"name":"us-central1-api"},"extension":{},"message":"[runtime-status] [5060] Resolved module firebase-admin {\"declared\":true,\"installed\":true,\"version\":\"10.3.0\",\"resolution\":\"C:\\\\Users\\\\HP\\\\Desktop\\\\Evangadi\\\\Amazon\\\\amazon-clone3\\\\functions\\\\node_modules\\\\firebase-admin\\\\lib\\\\index.js\"}"}}
[debug] [2023-01-03T22:32:29.633Z] [runtime-status] [5060] Resolved module firebase-functions {"declared":true,"installed":true,"version":"3.24.1","resolution":"C:\\Users\\HP\\Desktop\\Evangadi\\Amazon\\amazon-clone3\\functions\\node_modules\\firebase-functions\\lib\\index.js"} {"metadata":{"emulator":{"name":"functions"},"function":{"name":"us-central1-api"},"extension":{},"message":"[runtime-status] [5060] Resolved module firebase-functions {\"declared\":true,\"installed\":true,\"version\":\"3.24.1\",\"resolution\":\"C:\\\\Users\\\\HP\\\\Desktop\\\\Evangadi\\\\Amazon\\\\amazon-clone3\\\\functions\\\\node_modules\\\\firebase-functions\\\\lib\\\\index.js\"}"}}
[debug] [2023-01-03T22:32:29.633Z] [runtime-status] [5060] firebase-admin has been stubbed. {"adminResolution":{"declared":true,"installed":true,"version":"10.3.0","resolution":"C:\\Users\\HP\\Desktop\\Evangadi\\Amazon\\amazon-clone3\\functions\\node_modules\\firebase-admin\\lib\\index.js"}} {"metadata":{"emulator":{"name":"functions"},"function":{"name":"us-central1-api"},"extension":{},"message":"[runtime-status] [5060] firebase-admin has been stubbed. {\"adminResolution\":{\"declared\":true,\"installed\":true,\"version\":\"10.3.0\",\"resolution\":\"C:\\\\Users\\\\HP\\\\Desktop\\\\Evangadi\\\\Amazon\\\\amazon-clone3\\\\functions\\\\node_modules\\\\firebase-admin\\\\lib\\\\index.js\"}}"}}
[debug] [2023-01-03T22:32:29.746Z] [runtime-status] [5060] Functions runtime initialized. {"cwd":"C:\\Users\\HP\\Desktop\\Evangadi\\Amazon\\amazon-clone3\\functions","node_version":"18.12.0"} {"metadata":{"emulator":{"name":"functions"},"function":{"name":"us-central1-api"},"extension":{},"message":"[runtime-status] [5060] Functions runtime initialized. {\"cwd\":\"C:\\\\Users\\\\HP\\\\Desktop\\\\Evangadi\\\\Amazon\\\\amazon-clone3\\\\functions\",\"node_version\":\"18.12.0\"}"}}
[debug] [2023-01-03T22:32:29.746Z] [runtime-status] [5060] Listening to port: \\?\pipe\fire_emu_18e19d7095df984a {"metadata":{"emulator":{"name":"functions"},"function":{"name":"us-central1-api"},"extension":{},"message":"[runtime-status] [5060] Listening to port: \\\\?\\pipe\\fire_emu_18e19d7095df984a"}}
[debug] [2023-01-03T22:32:29.792Z] [worker-us-central1-api-9c2ac931-5d8a-4415-85ff-ab59561366b0]: IDLE {"metadata":{"emulator":{"name":"functions"},"message":"[worker-us-central1-api-9c2ac931-5d8a-4415-85ff-ab59561366b0]: IDLE"}}
[debug] [2023-01-03T22:32:29.793Z] [worker-pool] submitRequest(triggerId=us-central1-api) {"metadata":{"emulator":{"name":"functions"},"message":"[worker-pool] submitRequest(triggerId=us-central1-api)"}}
[debug] [2023-01-03T22:32:29.793Z] [worker-us-central1-api-9c2ac931-5d8a-4415-85ff-ab59561366b0]: BUSY {"metadata":{"emulator":{"name":"functions"},"message":"[worker-us-central1-api-9c2ac931-5d8a-4415-85ff-ab59561366b0]: BUSY"}}
[info] i  functions: Beginning execution of "api" {"metadata":{"emulator":{"name":"functions"},"function":{"name":"us-central1-api"},"extension":{},"message":"Beginning execution of \"api\""}}
[info] >  Payment Request Recieved for this amount >>>  10900 {"user":"Payment Request Recieved for this amount >>>  10900","metadata":{"emulator":{"name":"functions"},"function":{"name":"us-central1-api"},"extension":{},"message":"\u001b[90m> \u001b[39m Payment Request Recieved for this amount >>>  10900"}}
[debug] [2023-01-03T22:32:30.104Z] [worker-us-central1-api-d03d7583-54b8-4c29-a035-42d940113a9e]: IDLE {"metadata":{"emulator":{"name":"functions"},"message":"[worker-us-central1-api-d03d7583-54b8-4c29-a035-42d940113a9e]: IDLE"}}
[debug] [2023-01-03T22:32:30.104Z] [work-queue] {"queuedWork":[],"queueLength":0,"runningWork":["/clone3-a8371/us-central1/api/payments/create-2023-01-03T22:32:28.361Z"],"workRunningCount":1}
[info] i  functions: Finished "api" in 1720.2915ms {"metadata":{"emulator":{"name":"functions"},"function":{"name":"us-central1-api"},"extension":{},"message":"Finished \"api\" in 1720.2915ms"}}
[debug] [2023-01-03T22:32:31.229Z] [worker-us-central1-api-9c2ac931-5d8a-4415-85ff-ab59561366b0]: IDLE {"metadata":{"emulator":{"name":"functions"},"message":"[worker-us-central1-api-9c2ac931-5d8a-4415-85ff-ab59561366b0]: IDLE"}}
[debug] [2023-01-03T22:32:31.229Z] [work-queue] {"queuedWork":[],"queueLength":0,"runningWork":[],"workRunningCount":0}
[info] i  functions: Finished "api" in 1432.9897ms {"metadata":{"emulator":{"name":"functions"},"function":{"name":"us-central1-api"},"extension":{},"message":"Finished \"api\" in 1432.9897ms"}}
[debug] [2023-01-03T22:35:09.798Z] [work-queue] {"queuedWork":["/clone3-a8371/us-central1/api/payments/create-2023-01-03T22:35:09.798Z"],"queueLength":1,"runningWork":[],"workRunningCount":0}
[debug] [2023-01-03T22:35:09.799Z] [work-queue] {"queuedWork":[],"queueLength":0,"runningWork":["/clone3-a8371/us-central1/api/payments/create-2023-01-03T22:35:09.798Z"],"workRunningCount":1}
[debug] [2023-01-03T22:35:09.799Z] Accepted request POST /clone3-a8371/us-central1/api/payments/create?total=218996 --> us-central1-api
[debug] [2023-01-03T22:35:09.806Z] [functions] Runtime ready! Sending request! {"metadata":{"emulator":{"name":"functions"},"message":"[functions] Runtime ready! Sending request!"}}
[debug] [2023-01-03T22:35:09.807Z] [functions] Got req.url=/clone3-a8371/us-central1/api/payments/create?total=218996, mapping to path=/payments/create?total=218996 {"metadata":{"emulator":{"name":"functions"},"message":"[functions] Got req.url=/clone3-a8371/us-central1/api/payments/create?total=218996, mapping to path=/payments/create?total=218996"}}
[debug] [2023-01-03T22:35:09.807Z] [worker-pool] submitRequest(triggerId=us-central1-api) {"metadata":{"emulator":{"name":"functions"},"message":"[worker-pool] submitRequest(triggerId=us-central1-api)"}}
[debug] [2023-01-03T22:35:09.807Z] [worker-us-central1-api-d03d7583-54b8-4c29-a035-42d940113a9e]: BUSY {"metadata":{"emulator":{"name":"functions"},"message":"[worker-us-central1-api-d03d7583-54b8-4c29-a035-42d940113a9e]: BUSY"}}
[debug] [2023-01-03T22:35:09.809Z] [work-queue] {"queuedWork":["/clone3-a8371/us-central1/api/payments/create-2023-01-03T22:35:09.809Z"],"queueLength":1,"runningWork":["/clone3-a8371/us-central1/api/payments/create-2023-01-03T22:35:09.798Z"],"workRunningCount":1}
[debug] [2023-01-03T22:35:09.809Z] [work-queue] {"queuedWork":[],"queueLength":0,"runningWork":["/clone3-a8371/us-central1/api/payments/create-2023-01-03T22:35:09.798Z","/clone3-a8371/us-central1/api/payments/create-2023-01-03T22:35:09.809Z"],"workRunningCount":2}
[debug] [2023-01-03T22:35:09.809Z] Accepted request POST /clone3-a8371/us-central1/api/payments/create?total=218996 --> us-central1-api
[debug] [2023-01-03T22:35:09.817Z] [functions] Runtime ready! Sending request! {"metadata":{"emulator":{"name":"functions"},"message":"[functions] Runtime ready! Sending request!"}}
[debug] [2023-01-03T22:35:09.818Z] [functions] Got req.url=/clone3-a8371/us-central1/api/payments/create?total=218996, mapping to path=/payments/create?total=218996 {"metadata":{"emulator":{"name":"functions"},"message":"[functions] Got req.url=/clone3-a8371/us-central1/api/payments/create?total=218996, mapping to path=/payments/create?total=218996"}}
[debug] [2023-01-03T22:35:09.818Z] [worker-pool] submitRequest(triggerId=us-central1-api) {"metadata":{"emulator":{"name":"functions"},"message":"[worker-pool] submitRequest(triggerId=us-central1-api)"}}
[debug] [2023-01-03T22:35:09.818Z] [worker-us-central1-api-9c2ac931-5d8a-4415-85ff-ab59561366b0]: BUSY {"metadata":{"emulator":{"name":"functions"},"message":"[worker-us-central1-api-9c2ac931-5d8a-4415-85ff-ab59561366b0]: BUSY"}}
[info] i  functions: Beginning execution of "api" {"metadata":{"emulator":{"name":"functions"},"function":{"name":"us-central1-api"},"extension":{},"message":"Beginning execution of \"api\""}}
[info] >  Payment Request Recieved for this amount >>>  218996 {"user":"Payment Request Recieved for this amount >>>  218996","metadata":{"emulator":{"name":"functions"},"function":{"name":"us-central1-api"},"extension":{},"message":"\u001b[90m> \u001b[39m Payment Request Recieved for this amount >>>  218996"}}
[info] i  functions: Beginning execution of "api" {"metadata":{"emulator":{"name":"functions"},"function":{"name":"us-central1-api"},"extension":{},"message":"Beginning execution of \"api\""}}
[info] >  Payment Request Recieved for this amount >>>  218996 {"user":"Payment Request Recieved for this amount >>>  218996","metadata":{"emulator":{"name":"functions"},"function":{"name":"us-central1-api"},"extension":{},"message":"\u001b[90m> \u001b[39m Payment Request Recieved for this amount >>>  218996"}}
[debug] [2023-01-03T22:35:11.205Z] [worker-us-central1-api-d03d7583-54b8-4c29-a035-42d940113a9e]: IDLE {"metadata":{"emulator":{"name":"functions"},"message":"[worker-us-central1-api-d03d7583-54b8-4c29-a035-42d940113a9e]: IDLE"}}
[debug] [2023-01-03T22:35:11.205Z] [work-queue] {"queuedWork":[],"queueLength":0,"runningWork":["/clone3-a8371/us-central1/api/payments/create-2023-01-03T22:35:09.809Z"],"workRunningCount":1}
[info] i  functions: Finished "api" in 1393.3635ms {"metadata":{"emulator":{"name":"functions"},"function":{"name":"us-central1-api"},"extension":{},"message":"Finished \"api\" in 1393.3635ms"}}
[debug] [2023-01-03T22:35:11.344Z] [worker-us-central1-api-9c2ac931-5d8a-4415-85ff-ab59561366b0]: IDLE {"metadata":{"emulator":{"name":"functions"},"message":"[worker-us-central1-api-9c2ac931-5d8a-4415-85ff-ab59561366b0]: IDLE"}}
[debug] [2023-01-03T22:35:11.344Z] [work-queue] {"queuedWork":[],"queueLength":0,"runningWork":[],"workRunningCount":0}
[info] i  functions: Finished "api" in 1520.9252999999999ms {"metadata":{"emulator":{"name":"functions"},"function":{"name":"us-central1-api"},"extension":{},"message":"Finished \"api\" in 1520.9252999999999ms"}}
